<?xml version="1.0" encoding="UTF-8"?>
<testng-results ignored="0" total="1" passed="1" failed="0" skipped="0">
  <reporter-output>
  </reporter-output>
  <suite started-at="2022-05-04T04:11:58 EDT" name="Default suite" finished-at="2022-05-04T04:11:59 EDT" duration-ms="733">
    <groups>
    </groups>
    <test started-at="2022-05-04T04:11:58 EDT" name="Default test" finished-at="2022-05-04T04:11:59 EDT" duration-ms="733">
      <class name="mySQLDemo.Top5fromLocationsTable">
        <test-method signature="dbConnection()[pri:0, instance:mySQLDemo.Top5fromLocationsTable@483f6d77]" started-at="2022-05-04T04:11:58 EDT" name="dbConnection" finished-at="2022-05-04T04:11:59 EDT" duration-ms="661" status="PASS">
          <reporter-output>
          </reporter-output>
        </test-method> <!-- dbConnection -->
      </class> <!-- mySQLDemo.Top5fromLocationsTable -->
    </test> <!-- Default test -->
  </suite> <!-- Default suite -->
</testng-results>
