<?xml version="1.0" encoding="UTF-8"?>
<!-- Generated by org.testng.reporters.JUnitXMLReporter -->
<testsuite ignored="0" hostname="DESKTOP-BS115LP" failures="0" tests="3" name="Default test" time="2.831" errors="0" timestamp="2022-05-03T02:46:59 EDT">
  <testcase classname="com.FrameWork.Bootcamp_ApiAutomation.Delete_Operation" name="Delete_a_record_from_City" time="2.587"/>
  <testcase classname="com.FrameWork.Bootcamp_ApiAutomation.Delete_Operation" name="Delete_a_record_from_Customers" time="0.061"/>
  <testcase classname="com.FrameWork.Bootcamp_ApiAutomation.Delete_Operation" name="Delete_a_record_from_EmployeeDetails" time="0.067"/>
</testsuite> <!-- Default test -->
